[INFO] Scanning for projects...
[INFO] 
[INFO] --------------------< com.servicemate:servicemate >---------------------
[INFO] Building servicemate 0.0.1-SNAPSHOT
[INFO]   from pom.xml
[INFO] --------------------------------[ jar ]---------------------------------
[INFO] 
[INFO] >>> spring-boot:3.2.5:run (default-cli) > test-compile @ servicemate >>>
[INFO] 
[INFO] --- resources:3.3.1:resources (default-resources) @ servicemate ---
[INFO] Copying 1 resource from src\main\resources to target\classes
[INFO] Copying 0 resource from src\main\resources to target\classes
[INFO] 
[INFO] --- compiler:3.11.0:compile (default-compile) @ servicemate ---
[INFO] Nothing to compile - all classes are up to date
[INFO] 
[INFO] --- resources:3.3.1:testResources (default-testResources) @ servicemate ---
[INFO] skip non existing resourceDirectory C:\Users\nived\IdeaProjects\servicemate\servicemate-main\servicemate\src\test\resources
[INFO] 
[INFO] --- compiler:3.11.0:testCompile (default-testCompile) @ servicemate ---
[INFO] Nothing to compile - all classes are up to date
[INFO] 
[INFO] <<< spring-boot:3.2.5:run (default-cli) < test-compile @ servicemate <<<
[INFO] 
[INFO] 
[INFO] --- spring-boot:3.2.5:run (default-cli) @ servicemate ---
[INFO] Attaching agents: []

  .   ____          _            __ _ _
 /\\ / ___'_ __ _ _(_)_ __  __ _ \ \ \ \
( ( )\___ | '_ | '_| | '_ \/ _` | \ \ \ \
 \\/  ___)| |_)| | | | | || (_| |  ) ) ) )
  '  |____| .__|_| |_|_| |_\__, | / / / /
 =========|_|==============|___/=/_/_/_/
 :: Spring Boot ::                (v3.2.5)

2026-03-20T18:00:19.593+05:30  INFO 22852 --- [           main] c.e.servicemate.ServicemateApplication   : Starting ServicemateApplication using Java 17.0.18 with PID 22852 (C:\Users\nived\IdeaProjects\servicemate\servicemate-main\servicemate\target\classes started by nived in C:\Users\nived\IdeaProjects\servicemate\servicemate-main\servicemate)
2026-03-20T18:00:19.602+05:30  INFO 22852 --- [           main] c.e.servicemate.ServicemateApplication   : No active profile set, falling back to 1 default profile: "default"
2026-03-20T18:00:20.489+05:30  INFO 22852 --- [           main] .s.d.r.c.RepositoryConfigurationDelegate : Bootstrapping Spring Data JPA repositories in DEFAULT mode.
2026-03-20T18:00:20.550+05:30  INFO 22852 --- [           main] .s.d.r.c.RepositoryConfigurationDelegate : Finished Spring Data repository scanning in 52 ms. Found 1 JPA repository interface.
2026-03-20T18:00:21.158+05:30  INFO 22852 --- [           main] o.s.b.w.embedded.tomcat.TomcatWebServer  : Tomcat initialized with port 8080 (http)
2026-03-20T18:00:21.174+05:30  INFO 22852 --- [           main] o.apache.catalina.core.StandardService   : Starting service [Tomcat]
2026-03-20T18:00:21.174+05:30  INFO 22852 --- [           main] o.apache.catalina.core.StandardEngine    : Starting Servlet engine: [Apache Tomcat/10.1.20]
2026-03-20T18:00:21.256+05:30  INFO 22852 --- [           main] o.a.c.c.C.[Tomcat].[localhost].[/]       : Initializing Spring embedded WebApplicationContext
2026-03-20T18:00:21.256+05:30  INFO 22852 --- [           main] w.s.c.ServletWebServerApplicationContext : Root WebApplicationContext: initialization completed in 1579 ms
2026-03-20T18:00:21.441+05:30  INFO 22852 --- [           main] o.hibernate.jpa.internal.util.LogHelper  : HHH000204: Processing PersistenceUnitInfo [name: default]
2026-03-20T18:00:21.506+05:30  INFO 22852 --- [           main] org.hibernate.Version                    : HHH000412: Hibernate ORM core version 6.4.4.Final
2026-03-20T18:00:21.536+05:30  INFO 22852 --- [           main] o.h.c.internal.RegionFactoryInitiator    : HHH000026: Second-level cache disabled
2026-03-20T18:00:21.739+05:30  INFO 22852 --- [           main] o.s.o.j.p.SpringPersistenceUnitInfo      : No LoadTimeWeaver setup: ignoring JPA class transformer
2026-03-20T18:00:21.754+05:30  INFO 22852 --- [           main] com.zaxxer.hikari.HikariDataSource       : HikariPool-1 - Starting...
2026-03-20T18:00:22.042+05:30  INFO 22852 --- [           main] com.zaxxer.hikari.pool.HikariPool        : HikariPool-1 - Added connection com.mysql.cj.jdbc.ConnectionImpl@7530090a
2026-03-20T18:00:22.050+05:30  INFO 22852 --- [           main] com.zaxxer.hikari.HikariDataSource       : HikariPool-1 - Start completed.
2026-03-20T18:00:22.102+05:30  WARN 22852 --- [           main] org.hibernate.orm.deprecation            : HHH90000025: MySQLDialect does not need to be specified explicitly using 'hibernate.dialect' (remove the property setting and it will be selected by default)
2026-03-20T18:00:22.876+05:30  INFO 22852 --- [           main] o.h.e.t.j.p.i.JtaPlatformInitiator       : HHH000489: No JTA platform available (set 'hibernate.transaction.jta.platform' to enable JTA platform integration)
Hibernate: alter table users add column bio varchar(1000)
Hibernate: alter table users add column city varchar(255)
2026-03-20T18:00:23.055+05:30  INFO 22852 --- [           main] j.LocalContainerEntityManagerFactoryBean : Initialized JPA EntityManagerFactory for persistence unit 'default'
2026-03-20T18:00:23.379+05:30  WARN 22852 --- [           main] JpaBaseConfiguration$JpaWebConfiguration : spring.jpa.open-in-view is enabled by default. Therefore, database queries may be performed during view rendering. Explicitly configure spring.jpa.open-in-view to disable this warning
2026-03-20T18:00:23.410+05:30  WARN 22852 --- [           main] .s.s.UserDetailsServiceAutoConfiguration : 

Using generated security password: bedbb3ab-a4f6-4f3b-890e-bfab5b51f6ff

This generated password is for development use only. Your security configuration must be updated before running your application in production.

2026-03-20T18:00:23.636+05:30  INFO 22852 --- [           main] o.s.s.web.DefaultSecurityFilterChain     : Will secure any request with [org.springframework.security.web.session.DisableEncodeUrlFilter@20cf3ab3, org.springframework.security.web.context.request.async.WebAsyncManagerIntegrationFilter@1acfc058, org.springframework.security.web.context.SecurityContextHolderFilter@2446be5f, org.springframework.security.web.header.HeaderWriterFilter@4779df3d, org.springframework.web.filter.CorsFilter@326e0b8e, org.springframework.security.web.authentication.logout.LogoutFilter@757f47f0, org.springframework.security.web.savedrequest.RequestCacheAwareFilter@5b4880b3, org.springframework.security.web.servletapi.SecurityContextHolderAwareRequestFilter@5ae67f05, org.springframework.security.web.authentication.AnonymousAuthenticationFilter@725490dd, org.springframework.security.web.access.ExceptionTranslationFilter@63fde7ca, org.springframework.security.web.access.intercept.AuthorizationFilter@619b7436]
2026-03-20T18:00:23.890+05:30  INFO 22852 --- [           main] o.s.b.w.embedded.tomcat.TomcatWebServer  : Tomcat started on port 8080 (http) with context path ''
2026-03-20T18:00:23.905+05:30  INFO 22852 --- [           main] c.e.servicemate.ServicemateApplication   : Started ServicemateApplication in 4.931 seconds (process running for 5.36)
2026-03-20T18:00:34.032+05:30  INFO 22852 --- [nio-8080-exec-1] o.a.c.c.C.[Tomcat].[localhost].[/]       : Initializing Spring DispatcherServlet 'dispatcherServlet'
2026-03-20T18:00:34.032+05:30  INFO 22852 --- [nio-8080-exec-1] o.s.web.servlet.DispatcherServlet        : Initializing Servlet 'dispatcherServlet'
2026-03-20T18:00:34.032+05:30  INFO 22852 --- [nio-8080-exec-1] o.s.web.servlet.DispatcherServlet        : Completed initialization in 0 ms
Hibernate: select u1_0.user_id,u1_0.bio,u1_0.city,u1_0.created_at,u1_0.email,u1_0.name,u1_0.password,u1_0.phone,u1_0.role,u1_0.service_type from users u1_0 where u1_0.user_id=?
Hibernate: update users set bio=?,city=?,email=?,name=?,password=?,phone=?,role=?,service_type=? where user_id=?
Hibernate: select u1_0.user_id,u1_0.bio,u1_0.city,u1_0.created_at,u1_0.email,u1_0.name,u1_0.password,u1_0.phone,u1_0.role,u1_0.service_type from users u1_0 where u1_0.email=?
