[INFO] Scanning for projects...
[INFO] 
[INFO] --------------------< com.servicemate:servicemate >---------------------
[INFO] Building servicemate 0.0.1-SNAPSHOT
[INFO]   from pom.xml
[INFO] --------------------------------[ jar ]---------------------------------
[INFO] 
[INFO] >>> spring-boot:3.2.5:run (default-cli) > test-compile @ servicemate >>>
[INFO] 
[INFO] --- resources:3.3.1:resources (default-resources) @ servicemate ---
[INFO] Copying 1 resource from src\main\resources to target\classes
[INFO] Copying 0 resource from src\main\resources to target\classes
[INFO] 
[INFO] --- compiler:3.11.0:compile (default-compile) @ servicemate ---
[INFO] Nothing to compile - all classes are up to date
[INFO] 
[INFO] --- resources:3.3.1:testResources (default-testResources) @ servicemate ---
[INFO] skip non existing resourceDirectory C:\Users\nived\IdeaProjects\servicemate\servicemate-main\servicemate\src\test\resources
[INFO] 
[INFO] --- compiler:3.11.0:testCompile (default-testCompile) @ servicemate ---
[INFO] Nothing to compile - all classes are up to date
[INFO] 
[INFO] <<< spring-boot:3.2.5:run (default-cli) < test-compile @ servicemate <<<
[INFO] 
[INFO] 
[INFO] --- spring-boot:3.2.5:run (default-cli) @ servicemate ---
[INFO] Attaching agents: []

  .   ____          _            __ _ _
 /\\ / ___'_ __ _ _(_)_ __  __ _ \ \ \ \
( ( )\___ | '_ | '_| | '_ \/ _` | \ \ \ \
 \\/  ___)| |_)| | | | | || (_| |  ) ) ) )
  '  |____| .__|_| |_|_| |_\__, | / / / /
 =========|_|==============|___/=/_/_/_/
 :: Spring Boot ::                (v3.2.5)

2026-04-06T12:07:53.992+05:30  INFO 16300 --- [           main] c.e.servicemate.ServicemateApplication   : Starting ServicemateApplication using Java 17.0.18 with PID 16300 (C:\Users\nived\IdeaProjects\servicemate\servicemate-main\servicemate\target\classes started by nived in C:\Users\nived\IdeaProjects\servicemate\servicemate-main\servicemate)
2026-04-06T12:07:53.992+05:30  INFO 16300 --- [           main] c.e.servicemate.ServicemateApplication   : No active profile set, falling back to 1 default profile: "default"
2026-04-06T12:07:54.701+05:30  INFO 16300 --- [           main] .s.d.r.c.RepositoryConfigurationDelegate : Bootstrapping Spring Data JPA repositories in DEFAULT mode.
2026-04-06T12:07:54.767+05:30  INFO 16300 --- [           main] .s.d.r.c.RepositoryConfigurationDelegate : Finished Spring Data repository scanning in 56 ms. Found 2 JPA repository interfaces.
2026-04-06T12:07:55.289+05:30  INFO 16300 --- [           main] o.s.b.w.embedded.tomcat.TomcatWebServer  : Tomcat initialized with port 8081 (http)
2026-04-06T12:07:55.300+05:30  INFO 16300 --- [           main] o.apache.catalina.core.StandardService   : Starting service [Tomcat]
2026-04-06T12:07:55.300+05:30  INFO 16300 --- [           main] o.apache.catalina.core.StandardEngine    : Starting Servlet engine: [Apache Tomcat/10.1.20]
2026-04-06T12:07:55.346+05:30  INFO 16300 --- [           main] o.a.c.c.C.[Tomcat].[localhost].[/]       : Initializing Spring embedded WebApplicationContext
2026-04-06T12:07:55.346+05:30  INFO 16300 --- [           main] w.s.c.ServletWebServerApplicationContext : Root WebApplicationContext: initialization completed in 1301 ms
2026-04-06T12:07:55.474+05:30  INFO 16300 --- [           main] o.hibernate.jpa.internal.util.LogHelper  : HHH000204: Processing PersistenceUnitInfo [name: default]
2026-04-06T12:07:55.517+05:30  INFO 16300 --- [           main] org.hibernate.Version                    : HHH000412: Hibernate ORM core version 6.4.4.Final
2026-04-06T12:07:55.547+05:30  INFO 16300 --- [           main] o.h.c.internal.RegionFactoryInitiator    : HHH000026: Second-level cache disabled
2026-04-06T12:07:55.734+05:30  INFO 16300 --- [           main] o.s.o.j.p.SpringPersistenceUnitInfo      : No LoadTimeWeaver setup: ignoring JPA class transformer
2026-04-06T12:07:55.754+05:30  INFO 16300 --- [           main] com.zaxxer.hikari.HikariDataSource       : HikariPool-1 - Starting...
2026-04-06T12:07:56.007+05:30  INFO 16300 --- [           main] com.zaxxer.hikari.pool.HikariPool        : HikariPool-1 - Added connection com.mysql.cj.jdbc.ConnectionImpl@2f1f9515
2026-04-06T12:07:56.007+05:30  INFO 16300 --- [           main] com.zaxxer.hikari.HikariDataSource       : HikariPool-1 - Start completed.
2026-04-06T12:07:56.054+05:30  WARN 16300 --- [           main] org.hibernate.orm.deprecation            : HHH90000025: MySQLDialect does not need to be specified explicitly using 'hibernate.dialect' (remove the property setting and it will be selected by default)
2026-04-06T12:07:56.800+05:30  INFO 16300 --- [           main] o.h.e.t.j.p.i.JtaPlatformInitiator       : HHH000489: No JTA platform available (set 'hibernate.transaction.jta.platform' to enable JTA platform integration)
2026-04-06T12:07:56.847+05:30  INFO 16300 --- [           main] j.LocalContainerEntityManagerFactoryBean : Initialized JPA EntityManagerFactory for persistence unit 'default'
2026-04-06T12:07:57.211+05:30  WARN 16300 --- [           main] JpaBaseConfiguration$JpaWebConfiguration : spring.jpa.open-in-view is enabled by default. Therefore, database queries may be performed during view rendering. Explicitly configure spring.jpa.open-in-view to disable this warning
2026-04-06T12:07:57.242+05:30  WARN 16300 --- [           main] .s.s.UserDetailsServiceAutoConfiguration : 

Using generated security password: 5938cdee-111c-4000-8f7b-23a7702df0db

This generated password is for development use only. Your security configuration must be updated before running your application in production.

2026-04-06T12:07:57.516+05:30  INFO 16300 --- [           main] o.s.s.web.DefaultSecurityFilterChain     : Will secure any request with [org.springframework.security.web.session.DisableEncodeUrlFilter@496004e3, org.springframework.security.web.context.request.async.WebAsyncManagerIntegrationFilter@df34b01, org.springframework.security.web.context.SecurityContextHolderFilter@58701e8c, org.springframework.security.web.header.HeaderWriterFilter@3eadfbbb, org.springframework.web.filter.CorsFilter@66deec87, org.springframework.security.web.authentication.logout.LogoutFilter@75caecf7, org.springframework.security.web.authentication.www.BasicAuthenticationFilter@f9979cf, org.springframework.security.web.savedrequest.RequestCacheAwareFilter@2f0e7008, org.springframework.security.web.servletapi.SecurityContextHolderAwareRequestFilter@307e9c02, org.springframework.security.web.authentication.AnonymousAuthenticationFilter@703947bd, org.springframework.security.web.access.ExceptionTranslationFilter@1677f98b, org.springframework.security.web.access.intercept.AuthorizationFilter@1fc4b8d6]
2026-04-06T12:07:57.750+05:30  INFO 16300 --- [           main] o.s.b.w.embedded.tomcat.TomcatWebServer  : Tomcat started on port 8081 (http) with context path ''
2026-04-06T12:07:57.755+05:30  INFO 16300 --- [           main] c.e.servicemate.ServicemateApplication   : Started ServicemateApplication in 4.069 seconds (process running for 4.381)
